2025-05-14T05:41:15.694+03:00  INFO 19992 --- [CommentService] [restartedMain] c.A.C.CommentServiceApplication          : Starting CommentServiceApplication using Java 21.0.1 with PID 19992 (D:\Mohammad\Spring\bug_tracking_micro\CommentService\target\classes started by Ahmed Shaaban in D:\Mohammad\Spring\bug_tracking_micro)
2025-05-14T05:41:15.696+03:00  INFO 19992 --- [CommentService] [restartedMain] c.A.C.CommentServiceApplication          : No active profile set, falling back to 1 default profile: "default"
2025-05-14T05:41:15.769+03:00  INFO 19992 --- [CommentService] [restartedMain] .e.DevToolsPropertyDefaultsPostProcessor : Devtools property defaults active! Set 'spring.devtools.add-properties' to 'false' to disable
2025-05-14T05:41:15.770+03:00  INFO 19992 --- [CommentService] [restartedMain] .e.DevToolsPropertyDefaultsPostProcessor : For additional web related logging consider setting the 'logging.level.web' property to 'DEBUG'
2025-05-14T05:41:16.854+03:00  INFO 19992 --- [CommentService] [restartedMain] .s.d.r.c.RepositoryConfigurationDelegate : Bootstrapping Spring Data JPA repositories in DEFAULT mode.
2025-05-14T05:41:17.026+03:00  INFO 19992 --- [CommentService] [restartedMain] .s.d.r.c.RepositoryConfigurationDelegate : Finished Spring Data repository scanning in 159 ms. Found 1 JPA repository interface.
2025-05-14T05:41:17.396+03:00  INFO 19992 --- [CommentService] [restartedMain] o.s.cloud.context.scope.GenericScope     : BeanFactory id=6dca3911-327c-3293-a61f-dd86f61d45b8
2025-05-14T05:41:18.309+03:00  INFO 19992 --- [CommentService] [restartedMain] o.s.b.w.embedded.tomcat.TomcatWebServer  : Tomcat initialized with port 8082 (http)
2025-05-14T05:41:18.340+03:00  INFO 19992 --- [CommentService] [restartedMain] o.apache.catalina.core.StandardService   : Starting service [Tomcat]
2025-05-14T05:41:18.341+03:00  INFO 19992 --- [CommentService] [restartedMain] o.apache.catalina.core.StandardEngine    : Starting Servlet engine: [Apache Tomcat/10.1.40]
2025-05-14T05:41:18.408+03:00  INFO 19992 --- [CommentService] [restartedMain] o.a.c.c.C.[Tomcat].[localhost].[/]       : Initializing Spring embedded WebApplicationContext
2025-05-14T05:41:18.410+03:00  INFO 19992 --- [CommentService] [restartedMain] w.s.c.ServletWebServerApplicationContext : Root WebApplicationContext: initialization completed in 2637 ms
2025-05-14T05:41:18.727+03:00  INFO 19992 --- [CommentService] [restartedMain] o.hibernate.jpa.internal.util.LogHelper  : HHH000204: Processing PersistenceUnitInfo [name: default]
2025-05-14T05:41:18.832+03:00  INFO 19992 --- [CommentService] [restartedMain] org.hibernate.Version                    : HHH000412: Hibernate ORM core version 6.6.13.Final
2025-05-14T05:41:18.913+03:00  INFO 19992 --- [CommentService] [restartedMain] o.h.c.internal.RegionFactoryInitiator    : HHH000026: Second-level cache disabled
2025-05-14T05:41:19.389+03:00  INFO 19992 --- [CommentService] [restartedMain] o.s.o.j.p.SpringPersistenceUnitInfo      : No LoadTimeWeaver setup: ignoring JPA class transformer
2025-05-14T05:41:19.417+03:00  INFO 19992 --- [CommentService] [restartedMain] com.zaxxer.hikari.HikariDataSource       : HikariPool-1 - Starting...
2025-05-14T05:41:19.652+03:00  INFO 19992 --- [CommentService] [restartedMain] com.zaxxer.hikari.pool.HikariPool        : HikariPool-1 - Added connection org.postgresql.jdbc.PgConnection@5d349be4
2025-05-14T05:41:19.654+03:00  INFO 19992 --- [CommentService] [restartedMain] com.zaxxer.hikari.HikariDataSource       : HikariPool-1 - Start completed.
2025-05-14T05:41:19.809+03:00  INFO 19992 --- [CommentService] [restartedMain] org.hibernate.orm.connections.pooling    : HHH10001005: Database info:
	Database JDBC URL [Connecting through datasource 'HikariDataSource (HikariPool-1)']
	Database driver: undefined/unknown
	Database version: 17.4
	Autocommit mode: undefined/unknown
	Isolation level: undefined/unknown
	Minimum pool size: undefined/unknown
	Maximum pool size: undefined/unknown
2025-05-14T05:41:20.581+03:00  INFO 19992 --- [CommentService] [restartedMain] o.h.e.t.j.p.i.JtaPlatformInitiator       : HHH000489: No JTA platform available (set 'hibernate.transaction.jta.platform' to enable JTA platform integration)
2025-05-14T05:41:20.653+03:00  INFO 19992 --- [CommentService] [restartedMain] j.LocalContainerEntityManagerFactoryBean : Initialized JPA EntityManagerFactory for persistence unit 'default'
2025-05-14T05:41:21.556+03:00  WARN 19992 --- [CommentService] [restartedMain] JpaBaseConfiguration$JpaWebConfiguration : spring.jpa.open-in-view is enabled by default. Therefore, database queries may be performed during view rendering. Explicitly configure spring.jpa.open-in-view to disable this warning
2025-05-14T05:41:21.652+03:00  INFO 19992 --- [CommentService] [restartedMain] o.s.b.d.a.OptionalLiveReloadServer       : LiveReload server is running on port 35729
2025-05-14T05:41:22.706+03:00  INFO 19992 --- [CommentService] [restartedMain] o.s.cloud.commons.util.InetUtils         : Cannot determine local hostname
2025-05-14T05:41:22.795+03:00  INFO 19992 --- [CommentService] [restartedMain] o.s.c.openfeign.FeignClientFactoryBean   : For 'USERSERVICE' URL not provided. Will try picking an instance via load-balancing.
2025-05-14T05:41:23.027+03:00  INFO 19992 --- [CommentService] [restartedMain] r$InitializeUserDetailsManagerConfigurer : Global AuthenticationManager configured with UserDetailsService bean with name myUserDetailsService
2025-05-14T05:41:25.121+03:00  INFO 19992 --- [CommentService] [restartedMain] o.s.cloud.commons.util.InetUtils         : Cannot determine local hostname
2025-05-14T05:41:25.164+03:00  INFO 19992 --- [CommentService] [restartedMain] DiscoveryClientOptionalArgsConfiguration : Eureka HTTP Client uses RestTemplate.
2025-05-14T05:41:25.226+03:00  WARN 19992 --- [CommentService] [restartedMain] iguration$LoadBalancerCaffeineWarnLogger : Spring Cloud LoadBalancer is currently working with the default cache. While this cache implementation is useful for development and tests, it's recommended to use Caffeine cache in production.You can switch to using Caffeine cache, by adding it and org.springframework.cache.caffeine.CaffeineCacheManager to the classpath.
2025-05-14T05:41:25.260+03:00  INFO 19992 --- [CommentService] [restartedMain] o.s.c.n.eureka.InstanceInfoFactory       : Setting initial instance status as: STARTING
2025-05-14T05:41:25.303+03:00  INFO 19992 --- [CommentService] [restartedMain] com.netflix.discovery.DiscoveryClient    : Initializing Eureka in region us-east-1
2025-05-14T05:41:25.307+03:00  INFO 19992 --- [CommentService] [restartedMain] c.n.d.s.r.aws.ConfigClusterResolver      : Resolving eureka endpoints via configuration
2025-05-14T05:41:25.315+03:00  INFO 19992 --- [CommentService] [restartedMain] com.netflix.discovery.DiscoveryClient    : Disable delta property : false
2025-05-14T05:41:25.315+03:00  INFO 19992 --- [CommentService] [restartedMain] com.netflix.discovery.DiscoveryClient    : Single vip registry refresh property : null
2025-05-14T05:41:25.315+03:00  INFO 19992 --- [CommentService] [restartedMain] com.netflix.discovery.DiscoveryClient    : Force full registry fetch : false
2025-05-14T05:41:25.315+03:00  INFO 19992 --- [CommentService] [restartedMain] com.netflix.discovery.DiscoveryClient    : Application is null : false
2025-05-14T05:41:25.315+03:00  INFO 19992 --- [CommentService] [restartedMain] com.netflix.discovery.DiscoveryClient    : Registered Applications size is zero : true
2025-05-14T05:41:25.316+03:00  INFO 19992 --- [CommentService] [restartedMain] com.netflix.discovery.DiscoveryClient    : Application version is -1: true
2025-05-14T05:41:25.316+03:00  INFO 19992 --- [CommentService] [restartedMain] com.netflix.discovery.DiscoveryClient    : Getting all instance registry info from the eureka server
2025-05-14T05:41:25.773+03:00  INFO 19992 --- [CommentService] [restartedMain] com.netflix.discovery.DiscoveryClient    : The response status is 200
2025-05-14T05:41:25.775+03:00  INFO 19992 --- [CommentService] [restartedMain] com.netflix.discovery.DiscoveryClient    : Starting heartbeat executor: renew interval is: 30
2025-05-14T05:41:25.777+03:00  INFO 19992 --- [CommentService] [restartedMain] c.n.discovery.InstanceInfoReplicator     : InstanceInfoReplicator onDemand update allowed rate per min is 4
2025-05-14T05:41:25.784+03:00  INFO 19992 --- [CommentService] [restartedMain] com.netflix.discovery.DiscoveryClient    : Discovery Client initialized at timestamp 1747190485781 with initial instances count: 1
2025-05-14T05:41:25.794+03:00  INFO 19992 --- [CommentService] [restartedMain] o.s.c.n.e.s.EurekaServiceRegistry        : Registering application COMMENTSERVICE with eureka with status UP
2025-05-14T05:41:25.796+03:00  INFO 19992 --- [CommentService] [restartedMain] com.netflix.discovery.DiscoveryClient    : Saw local status change event StatusChangeEvent [timestamp=1747190485796, current=UP, previous=STARTING]
2025-05-14T05:41:25.801+03:00  INFO 19992 --- [CommentService] [DiscoveryClient-InstanceInfoReplicator-%d] com.netflix.discovery.DiscoveryClient    : DiscoveryClient_COMMENTSERVICE/localhost:CommentService:8082: registering service...
2025-05-14T05:41:25.839+03:00  INFO 19992 --- [CommentService] [restartedMain] o.s.b.w.embedded.tomcat.TomcatWebServer  : Tomcat started on port 8082 (http) with context path '/'
2025-05-14T05:41:25.842+03:00  INFO 19992 --- [CommentService] [restartedMain] .s.c.n.e.s.EurekaAutoServiceRegistration : Updating port to 8082
2025-05-14T05:41:25.901+03:00  INFO 19992 --- [CommentService] [DiscoveryClient-InstanceInfoReplicator-%d] com.netflix.discovery.DiscoveryClient    : DiscoveryClient_COMMENTSERVICE/localhost:CommentService:8082 - registration status: 204
2025-05-14T05:41:26.850+03:00  INFO 19992 --- [CommentService] [restartedMain] o.s.cloud.commons.util.InetUtils         : Cannot determine local hostname
2025-05-14T05:41:26.863+03:00  INFO 19992 --- [CommentService] [restartedMain] c.A.C.CommentServiceApplication          : Started CommentServiceApplication in 12.725 seconds (process running for 13.356)
2025-05-14T05:46:25.326+03:00  INFO 19992 --- [CommentService] [AsyncResolver-bootstrap-executor-%d] c.n.d.s.r.aws.ConfigClusterResolver      : Resolving eureka endpoints via configuration
